
SQL*Loader: Release 11.2.0.2.0 - Production on Jue Mar 1 20:05:37 2018

Copyright (c) 1982, 2009, Oracle and/or its affiliates.  All rights reserved.

Control File:   loan2.ctl
Data File:      ..\files\LOAN.csv
  File processing option string: "STR x'0A'"
  Bad File:     C_0LOA.bad
  Discard File: C_0LOA.dsc 
 (Allow 1 discards)

Number to load: ALL
Number to skip: 1
Errors allowed: 0
Bind array:     64 rows, maximum of 256000 bytes
Continuation:    none specified
Path used:      Conventional

Table LOANS.LOAN2, loaded from every logical record.
Insert option in effect for this table: INSERT
TRAILING NULLCOLS option in effect

   Column Name                  Position   Len  Term Encl Datatype
------------------------------ ---------- ----- ---- ---- ---------------------
ID                                  FIRST     *   ,       CHARACTER            
CUSTOMER_ID                          NEXT     *   ,       CHARACTER            
TYPE_ID                              NEXT     *   ,       CHARACTER            
AMOUNT                               NEXT     *   ,       CHARACTER            
CREATED_DATE                         NEXT     *   ,       DATE YYYY-MM-DD      
IS_COMPLETE                          NEXT     *   ,       CHARACTER            


Table LOANS.LOAN2:
  600 Rows successfully loaded.
  0 Rows not loaded due to data errors.
  0 Rows not loaded because all WHEN clauses were failed.
  0 Rows not loaded because all fields were null.


Space allocated for bind array:                  99072 bytes(64 rows)
Read   buffer bytes: 1048576

Total logical records skipped:          1
Total logical records read:           600
Total logical records rejected:         0
Total logical records discarded:        0

Run began on Jue Mar 01 20:05:37 2018
Run ended on Jue Mar 01 20:05:37 2018

Elapsed time was:     00:00:00.16
CPU time was:         00:00:00.06
