
SQL*Loader: Release 11.2.0.2.0 - Production on Jue Mar 1 19:58:32 2018

Copyright (c) 1982, 2009, Oracle and/or its affiliates.  All rights reserved.

Control File:   loan.ctl
Data File:      ..\files\LOAN.csv
  File processing option string: "STR x'0A'"
  Bad File:     C_0LOA.bad
  Discard File: C_0LOA.dsc 
 (Allow 1 discards)

Number to load: ALL
Number to skip: 1
Errors allowed: 0
Bind array:     64 rows, maximum of 256000 bytes
Continuation:    none specified
Path used:      Conventional

Table LOANS.LOAN, loaded from every logical record.
Insert option in effect for this table: INSERT
TRAILING NULLCOLS option in effect

   Column Name                  Position   Len  Term Encl Datatype
------------------------------ ---------- ----- ---- ---- ---------------------
ID                                  FIRST     *   ,       CHARACTER            
CUSTOMER_ID                          NEXT     *   ,       CHARACTER            
TYPE_ID                              NEXT     *   ,       CHARACTER            
AMOUNT                               NEXT     *   ,       CHARACTER            
CREATED_DATE                         NEXT     *   ,       DATE YYYY-MM-DD      
IS_COMPLETE                          NEXT     *   ,       CHARACTER            

SQL*Loader-601: For INSERT option, table must be empty.  Error on table LOANS.LOAN
