
SQL*Loader: Release 11.2.0.2.0 - Production on Jue Mar 1 19:58:31 2018

Copyright (c) 1982, 2009, Oracle and/or its affiliates.  All rights reserved.

Control File:   type.ctl
Data File:      ..\files\LOAN_TYPE.csv
  File processing option string: "STR x'0A'"
  Bad File:     /C_0LOAN.bad
  Discard File: /C_0LOAN.dsc 
 (Allow 1 discards)

Number to load: ALL
Number to skip: 1
Errors allowed: 0
Bind array:     64 rows, maximum of 256000 bytes
Continuation:    none specified
Path used:      Conventional

Table LOANS.LOAN_TYPE, loaded from every logical record.
Insert option in effect for this table: INSERT
TRAILING NULLCOLS option in effect

   Column Name                  Position   Len  Term Encl Datatype
------------------------------ ---------- ----- ---- ---- ---------------------
ID                                  FIRST     *   ,       CHARACTER            
TYPE                                 NEXT     *   ,       CHARACTER            
CREATED_DATE                         NEXT     *   ,       DATE dd/MM/YY        

SQL*Loader-601: For INSERT option, table must be empty.  Error on table LOANS.LOAN_TYPE
